2022-05-20 11:29:40,901 [INFO] Activator:170 - 


2022-05-20 11:29:40,902 [INFO] Activator:171 - !SESSION log4j initialized
2022-05-20 11:29:59,231 [INFO] McuFinderGlobals:39 - Set McuFinder mode to 2 (CubeIDE integrated)
2022-05-20 11:29:59,557 [INFO] ApplicationProperties:181 - Using Application install path: C:\ST\STM32CubeIDE_1.6.1\STM32CubeIDE\plugins\com.st.stm32cube.common.mx_6.2.1.202103241236
2022-05-20 11:29:59,584 [INFO] DbMcusXml:74 - Set database path to: C:\ST\STM32CubeIDE_1.6.1\STM32CubeIDE\plugins\com.st.stm32cube.common.mx_6.2.1.202103241236\\db\/mcu/
2022-05-20 11:29:59,595 [INFO] DbBoardsPdsc:56 - Set plugin database path to: C:\ST\STM32CubeIDE_1.6.1\STM32CubeIDE\plugins\com.st.stm32cube.common.mx_6.2.1.202103241236\\db\/plugins/boardmanager/
2022-05-20 11:29:59,596 [INFO] DbMcus:258 - Set plugin images path to: C:\ST\STM32CubeIDE_1.6.1\STM32CubeIDE\plugins\com.st.stm32cube.common.mx_6.2.1.202103241236\\db\/plugins/mcufinder/images/
2022-05-20 11:29:59,596 [INFO] DbBoards:264 - Set plugin images path to: C:\ST\STM32CubeIDE_1.6.1\STM32CubeIDE\plugins\com.st.stm32cube.common.mx_6.2.1.202103241236\\db\/plugins/mcufinder/images/
2022-05-20 11:29:59,599 [INFO] DbExamples:333 - Set plugin images path to: C:\ST\STM32CubeIDE_1.6.1\STM32CubeIDE\plugins\com.st.stm32cube.common.mx_6.2.1.202103241236\\db\/plugins/mcufinder/images/
2022-05-20 11:29:59,622 [INFO] DbMcusAds:85 - Set database path to: C:\Users\MEGHA\.stmcufinder\plugins\mcufinder//mcu/
2022-05-20 11:29:59,625 [INFO] DbMcusDocs:110 - Set database path to: C:\Users\MEGHA\.stmcufinder\plugins\mcufinder//mcu/
2022-05-20 11:29:59,629 [INFO] DbMcusJson:65 - Set database path to: C:\Users\MEGHA\.stmcufinder\plugins\mcufinder//mcu/
2022-05-20 11:29:59,632 [INFO] DbBoardsDocs:110 - Set database path to: C:\Users\MEGHA\.stmcufinder\plugins\mcufinder//mcu/
2022-05-20 11:29:59,634 [INFO] DbBoardsJson:58 - Set database path to: C:\Users\MEGHA\.stmcufinder\plugins\mcufinder//mcu/
2022-05-20 11:29:59,839 [INFO] CrossReferenceDbSqlite:196 - Set database path to: C:\Users\MEGHA\.stmcufinder\plugins\mcufinder//mcu/cs/
2022-05-20 11:29:59,845 [INFO] DbExamplesSqlite:690 - Set database path to: C:\Users\MEGHA\.stmcufinder\plugins\mcufinder//mcu/
2022-05-20 11:30:00,084 [INFO] RulesReader:52 - Compatibility file has been processed (237 Rules)
2022-05-20 11:30:00,281 [INFO] MicroXplorer:622 - Detected Java Version = 11.0.9.1
2022-05-20 11:30:00,282 [INFO] DbMcusXml:74 - Set database path to: C:\ST\STM32CubeIDE_1.6.1\STM32CubeIDE\plugins\com.st.stm32cube.common.mx_6.2.1.202103241236\\db\/mcu/
2022-05-20 11:30:00,282 [INFO] DbBoardsPdsc:56 - Set plugin database path to: C:\ST\STM32CubeIDE_1.6.1\STM32CubeIDE\plugins\com.st.stm32cube.common.mx_6.2.1.202103241236\\db\/plugins/boardmanager/
2022-05-20 11:30:00,284 [INFO] DbMcus:258 - Set plugin images path to: C:\ST\STM32CubeIDE_1.6.1\STM32CubeIDE\plugins\com.st.stm32cube.common.mx_6.2.1.202103241236\\db\/plugins/mcufinder/images/
2022-05-20 11:30:00,284 [INFO] DbBoards:264 - Set plugin images path to: C:\ST\STM32CubeIDE_1.6.1\STM32CubeIDE\plugins\com.st.stm32cube.common.mx_6.2.1.202103241236\\db\/plugins/mcufinder/images/
2022-05-20 11:30:00,284 [INFO] DbExamples:333 - Set plugin images path to: C:\ST\STM32CubeIDE_1.6.1\STM32CubeIDE\plugins\com.st.stm32cube.common.mx_6.2.1.202103241236\\db\/plugins/mcufinder/images/
2022-05-20 11:30:00,284 [WARN] DbFile:35 - Overriding database path with different value: C:\Users\MEGHA\.stmcufinder\plugins\mcufinder/ => C:\Users\MEGHA\.stmcufinder\plugins\mcufinder
2022-05-20 11:30:00,285 [INFO] DbMcusAds:85 - Set database path to: C:\Users\MEGHA\.stmcufinder\plugins\mcufinder//mcu/
2022-05-20 11:30:00,285 [WARN] DbFile:35 - Overriding database path with different value: C:\Users\MEGHA\.stmcufinder\plugins\mcufinder/ => C:\Users\MEGHA\.stmcufinder\plugins\mcufinder
2022-05-20 11:30:00,285 [INFO] DbMcusDocs:110 - Set database path to: C:\Users\MEGHA\.stmcufinder\plugins\mcufinder//mcu/
2022-05-20 11:30:00,285 [WARN] DbFile:35 - Overriding database path with different value: C:\Users\MEGHA\.stmcufinder\plugins\mcufinder/ => C:\Users\MEGHA\.stmcufinder\plugins\mcufinder
2022-05-20 11:30:00,286 [INFO] DbMcusJson:65 - Set database path to: C:\Users\MEGHA\.stmcufinder\plugins\mcufinder//mcu/
2022-05-20 11:30:00,287 [WARN] DbFile:35 - Overriding database path with different value: C:\Users\MEGHA\.stmcufinder\plugins\mcufinder/ => C:\Users\MEGHA\.stmcufinder\plugins\mcufinder
2022-05-20 11:30:00,287 [INFO] DbBoardsDocs:110 - Set database path to: C:\Users\MEGHA\.stmcufinder\plugins\mcufinder//mcu/
2022-05-20 11:30:00,287 [WARN] DbFile:35 - Overriding database path with different value: C:\Users\MEGHA\.stmcufinder\plugins\mcufinder/ => C:\Users\MEGHA\.stmcufinder\plugins\mcufinder
2022-05-20 11:30:00,287 [INFO] DbBoardsJson:58 - Set database path to: C:\Users\MEGHA\.stmcufinder\plugins\mcufinder//mcu/
2022-05-20 11:30:00,287 [WARN] DbFile:35 - Overriding database path with different value: C:\Users\MEGHA\.stmcufinder\plugins\mcufinder/ => C:\Users\MEGHA\.stmcufinder\plugins\mcufinder
2022-05-20 11:30:00,287 [WARN] DbFile:35 - Overriding database path with different value: C:\Users\MEGHA\.stmcufinder\plugins\mcufinder/ => C:\Users\MEGHA\.stmcufinder\plugins\mcufinder
2022-05-20 11:30:00,287 [INFO] CrossReferenceDbSqlite:196 - Set database path to: C:\Users\MEGHA\.stmcufinder\plugins\mcufinder//mcu/cs/
2022-05-20 11:30:00,289 [WARN] DbFile:35 - Overriding database path with different value: C:\Users\MEGHA\.stmcufinder\plugins\mcufinder/ => C:\Users\MEGHA\.stmcufinder\plugins\mcufinder
2022-05-20 11:30:00,289 [INFO] DbExamplesSqlite:690 - Set database path to: C:\Users\MEGHA\.stmcufinder\plugins\mcufinder//mcu/
2022-05-20 11:30:00,436 [INFO] MainPanel:204 - HeapMemory: 268435456
2022-05-20 11:30:00,624 [INFO] DbMcusXml:74 - Set database path to: C:\ST\STM32CubeIDE_1.6.1\STM32CubeIDE\plugins\com.st.stm32cube.common.mx_6.2.1.202103241236\\db\/mcu/
2022-05-20 11:30:00,624 [INFO] DbBoardsPdsc:56 - Set plugin database path to: C:\ST\STM32CubeIDE_1.6.1\STM32CubeIDE\plugins\com.st.stm32cube.common.mx_6.2.1.202103241236\\db\/plugins/boardmanager/
2022-05-20 11:30:00,625 [INFO] DbMcus:258 - Set plugin images path to: C:\ST\STM32CubeIDE_1.6.1\STM32CubeIDE\plugins\com.st.stm32cube.common.mx_6.2.1.202103241236\\db\/plugins/mcufinder/images/
2022-05-20 11:30:00,625 [INFO] DbBoards:264 - Set plugin images path to: C:\ST\STM32CubeIDE_1.6.1\STM32CubeIDE\plugins\com.st.stm32cube.common.mx_6.2.1.202103241236\\db\/plugins/mcufinder/images/
2022-05-20 11:30:00,625 [INFO] DbExamples:333 - Set plugin images path to: C:\ST\STM32CubeIDE_1.6.1\STM32CubeIDE\plugins\com.st.stm32cube.common.mx_6.2.1.202103241236\\db\/plugins/mcufinder/images/
2022-05-20 11:30:00,627 [WARN] DbFile:35 - Overriding database path with different value: C:\Users\MEGHA\.stmcufinder\plugins\mcufinder/ => C:\Users\MEGHA\.stmcufinder\plugins\mcufinder
2022-05-20 11:30:00,627 [INFO] DbMcusAds:85 - Set database path to: C:\Users\MEGHA\.stmcufinder\plugins\mcufinder//mcu/
2022-05-20 11:30:00,627 [WARN] DbFile:35 - Overriding database path with different value: C:\Users\MEGHA\.stmcufinder\plugins\mcufinder/ => C:\Users\MEGHA\.stmcufinder\plugins\mcufinder
2022-05-20 11:30:00,627 [INFO] DbMcusDocs:110 - Set database path to: C:\Users\MEGHA\.stmcufinder\plugins\mcufinder//mcu/
2022-05-20 11:30:00,627 [WARN] DbFile:35 - Overriding database path with different value: C:\Users\MEGHA\.stmcufinder\plugins\mcufinder/ => C:\Users\MEGHA\.stmcufinder\plugins\mcufinder
2022-05-20 11:30:00,627 [INFO] DbMcusJson:65 - Set database path to: C:\Users\MEGHA\.stmcufinder\plugins\mcufinder//mcu/
2022-05-20 11:30:00,627 [WARN] DbFile:35 - Overriding database path with different value: C:\Users\MEGHA\.stmcufinder\plugins\mcufinder/ => C:\Users\MEGHA\.stmcufinder\plugins\mcufinder
2022-05-20 11:30:00,627 [INFO] DbBoardsDocs:110 - Set database path to: C:\Users\MEGHA\.stmcufinder\plugins\mcufinder//mcu/
2022-05-20 11:30:00,627 [WARN] DbFile:35 - Overriding database path with different value: C:\Users\MEGHA\.stmcufinder\plugins\mcufinder/ => C:\Users\MEGHA\.stmcufinder\plugins\mcufinder
2022-05-20 11:30:00,627 [INFO] DbBoardsJson:58 - Set database path to: C:\Users\MEGHA\.stmcufinder\plugins\mcufinder//mcu/
2022-05-20 11:30:00,627 [WARN] DbFile:35 - Overriding database path with different value: C:\Users\MEGHA\.stmcufinder\plugins\mcufinder/ => C:\Users\MEGHA\.stmcufinder\plugins\mcufinder
2022-05-20 11:30:00,627 [WARN] DbFile:35 - Overriding database path with different value: C:\Users\MEGHA\.stmcufinder\plugins\mcufinder/ => C:\Users\MEGHA\.stmcufinder\plugins\mcufinder
2022-05-20 11:30:00,627 [INFO] CrossReferenceDbSqlite:196 - Set database path to: C:\Users\MEGHA\.stmcufinder\plugins\mcufinder//mcu/cs/
2022-05-20 11:30:00,627 [WARN] DbFile:35 - Overriding database path with different value: C:\Users\MEGHA\.stmcufinder\plugins\mcufinder/ => C:\Users\MEGHA\.stmcufinder\plugins\mcufinder
2022-05-20 11:30:00,627 [INFO] DbExamplesSqlite:690 - Set database path to: C:\Users\MEGHA\.stmcufinder\plugins\mcufinder//mcu/
2022-05-20 11:30:00,673 [INFO] ApplicationProperties:181 - Using Application install path: C:\ST\STM32CubeIDE_1.6.1\STM32CubeIDE\plugins\com.st.stm32cube.common.mx_6.2.1.202103241236
2022-05-20 11:30:00,674 [INFO] PluginManage:178 - Search for loadable plugins [exclusion list=, ]
2022-05-20 11:30:00,678 [INFO] PluginManage:292 - Check plugin analytics
2022-05-20 11:30:00,959 [INFO] AnalyticsPlugin:233 - Accepted Software Licenses: 
2022-05-20 11:30:00,965 [INFO] AnalyticsPlugin:235 - Accepted CMSIS Pack Licenses: 
2022-05-20 11:30:00,965 [INFO] AnalyticsPlugin:237 - Accepted Firmware Licenses: 
2022-05-20 11:30:00,966 [INFO] PluginManage:342 - Loaded plugin analytics (category:tool,tabindex:-1)
2022-05-20 11:30:00,966 [INFO] PluginManage:292 - Check plugin clock
2022-05-20 11:30:00,988 [INFO] PluginManage:342 - Loaded plugin clock (category:base,tabindex:2)
2022-05-20 11:30:00,988 [INFO] PluginManage:292 - Check plugin ddr
2022-05-20 11:30:00,993 [INFO] PluginManage:342 - Loaded plugin ddr (category:tool,tabindex:6)
2022-05-20 11:30:00,993 [INFO] PluginManage:292 - Check plugin filemanager
2022-05-20 11:30:01,236 [INFO] PluginManage:342 - Loaded plugin filemanager (category:base,tabindex:10)
2022-05-20 11:30:01,236 [INFO] PluginManage:292 - Check plugin ipmanager
2022-05-20 11:30:01,262 [INFO] PluginManage:342 - Loaded plugin ipmanager (category:base,tabindex:5)
2022-05-20 11:30:01,262 [INFO] PluginManage:292 - Check plugin pinoutandconfiguration
2022-05-20 11:30:01,287 [INFO] PluginManage:342 - Loaded plugin pinoutandconfiguration (category:base,tabindex:1)
2022-05-20 11:30:01,288 [INFO] PluginManage:292 - Check plugin pinoutconfig
2022-05-20 11:30:01,343 [INFO] PluginManage:342 - Loaded plugin pinoutconfig (category:base,tabindex:0)
2022-05-20 11:30:01,343 [INFO] PluginManage:292 - Check plugin power
2022-05-20 11:30:01,376 [INFO] PluginManage:342 - Loaded plugin power (category:power,tabindex:4)
2022-05-20 11:30:01,376 [INFO] PluginManage:292 - Check plugin projectmanager
2022-05-20 11:30:01,419 [INFO] PluginManage:342 - Loaded plugin projectmanager (category:projectmanager,tabindex:3)
2022-05-20 11:30:01,419 [INFO] PluginManage:292 - Check plugin thirdparty
2022-05-20 11:30:01,691 [INFO] PluginManage:342 - Loaded plugin thirdparty (category:base,tabindex:-1)
2022-05-20 11:30:01,691 [INFO] PluginManage:292 - Check plugin tools
2022-05-20 11:30:01,691 [WARN] IntegrityCheckThread:59 - waiting for thirdparty lock release [integrity check]
2022-05-20 11:30:01,692 [INFO] IntegrityCheckThread:61 - entering critical section [integrity check]
2022-05-20 11:30:01,692 [INFO] ThirdPartyUpdaterWithRetryManager:56 - Updater plugin not ready yet. [1/15]
2022-05-20 11:30:01,694 [INFO] PluginManage:342 - Loaded plugin tools (category:base,tabindex:7)
2022-05-20 11:30:01,694 [INFO] PluginManage:292 - Check plugin tutovideos
2022-05-20 11:30:01,974 [INFO] PluginManage:342 - Loaded plugin tutovideos (category:base,tabindex:-1)
2022-05-20 11:30:01,974 [INFO] PluginManage:292 - Check plugin updater
2022-05-20 11:30:01,991 [INFO] PluginManage:342 - Loaded plugin updater (category:base,tabindex:12)
2022-05-20 11:30:01,991 [INFO] PluginManage:265 - PluginManage : Loaded plugins [13]
2022-05-20 11:30:02,346 [INFO] PinOutPanel:1435 - setPackage(No Configuration,No Configuration)
2022-05-20 11:30:02,549 [INFO] IPUIPlugin:64 - create IPUIPlugin
2022-05-20 11:30:02,549 [INFO] PluginManager:203 - loadIPPluginJar : add adc
2022-05-20 11:30:02,557 [INFO] IPUIPlugin:64 - create IPUIPlugin
2022-05-20 11:30:02,557 [INFO] PluginManager:203 - loadIPPluginJar : add aes
2022-05-20 11:30:02,565 [INFO] IPUIPlugin:64 - create IPUIPlugin
2022-05-20 11:30:02,565 [INFO] PluginManager:203 - loadIPPluginJar : add can
2022-05-20 11:30:02,570 [INFO] IPUIPlugin:64 - create IPUIPlugin
2022-05-20 11:30:02,570 [INFO] PluginManager:203 - loadIPPluginJar : add comp
2022-05-20 11:30:02,577 [INFO] IPUIPlugin:64 - create IPUIPlugin
2022-05-20 11:30:02,577 [INFO] PluginManager:203 - loadIPPluginJar : add cryp
2022-05-20 11:30:02,583 [INFO] IPUIPlugin:64 - create IPUIPlugin
2022-05-20 11:30:02,583 [INFO] PluginManager:203 - loadIPPluginJar : add dfsdm
2022-05-20 11:30:02,601 [INFO] IPUIPlugin:64 - create IPUIPlugin
2022-05-20 11:30:02,603 [INFO] PluginManager:203 - loadIPPluginJar : add dma
2022-05-20 11:30:02,607 [INFO] IPUIPlugin:64 - create IPUIPlugin
2022-05-20 11:30:02,607 [INFO] PluginManager:203 - loadIPPluginJar : add fatfs
2022-05-20 11:30:02,616 [INFO] IPUIPlugin:64 - create IPUIPlugin
2022-05-20 11:30:02,616 [INFO] PluginManager:203 - loadIPPluginJar : add fmc
2022-05-20 11:30:02,628 [INFO] IPUIPlugin:64 - create IPUIPlugin
2022-05-20 11:30:02,628 [INFO] PluginManager:203 - loadIPPluginJar : add freertos
2022-05-20 11:30:02,633 [INFO] IPUIPlugin:64 - create IPUIPlugin
2022-05-20 11:30:02,633 [INFO] PluginManager:203 - loadIPPluginJar : add genericplugin
2022-05-20 11:30:02,639 [INFO] IPUIPlugin:64 - create IPUIPlugin
2022-05-20 11:30:02,639 [INFO] PluginManager:203 - loadIPPluginJar : add gfxmmu
2022-05-20 11:30:02,647 [INFO] IPUIPlugin:64 - create IPUIPlugin
2022-05-20 11:30:02,647 [INFO] PluginManager:203 - loadIPPluginJar : add gic
2022-05-20 11:30:02,655 [INFO] IPUIPlugin:64 - create IPUIPlugin
2022-05-20 11:30:02,655 [INFO] PluginManager:203 - loadIPPluginJar : add gpio
2022-05-20 11:30:02,665 [INFO] IPUIPlugin:64 - create IPUIPlugin
2022-05-20 11:30:02,665 [INFO] PluginManager:203 - loadIPPluginJar : add gtzc
2022-05-20 11:30:02,669 [INFO] IPUIPlugin:64 - create IPUIPlugin
2022-05-20 11:30:02,669 [INFO] PluginManager:203 - loadIPPluginJar : add hash
2022-05-20 11:30:02,677 [INFO] IPUIPlugin:64 - create IPUIPlugin
2022-05-20 11:30:02,677 [INFO] PluginManager:203 - loadIPPluginJar : add i2c
2022-05-20 11:30:02,684 [INFO] IPUIPlugin:64 - create IPUIPlugin
2022-05-20 11:30:02,684 [INFO] PluginManager:203 - loadIPPluginJar : add i2s
2022-05-20 11:30:02,689 [INFO] IPUIPlugin:64 - create IPUIPlugin
2022-05-20 11:30:02,689 [INFO] PluginManager:203 - loadIPPluginJar : add ipddr
2022-05-20 11:30:02,697 [INFO] IPUIPlugin:64 - create IPUIPlugin
2022-05-20 11:30:02,699 [INFO] PluginManager:203 - loadIPPluginJar : add lorawan
2022-05-20 11:30:02,704 [INFO] IPUIPlugin:64 - create IPUIPlugin
2022-05-20 11:30:02,704 [INFO] PluginManager:203 - loadIPPluginJar : add ltdc
2022-05-20 11:30:02,710 [INFO] IPUIPlugin:64 - create IPUIPlugin
2022-05-20 11:30:02,710 [INFO] PluginManager:203 - loadIPPluginJar : add mdma
2022-05-20 11:30:02,720 [INFO] IPUIPlugin:64 - create IPUIPlugin
2022-05-20 11:30:02,720 [INFO] PluginManager:203 - loadIPPluginJar : add nvic
2022-05-20 11:30:02,729 [INFO] IPUIPlugin:64 - create IPUIPlugin
2022-05-20 11:30:02,729 [INFO] PluginManager:203 - loadIPPluginJar : add opamp
2022-05-20 11:30:02,737 [INFO] IPUIPlugin:64 - create IPUIPlugin
2022-05-20 11:30:02,737 [INFO] PluginManager:203 - loadIPPluginJar : add openamp
2022-05-20 11:30:02,745 [INFO] IPUIPlugin:64 - create IPUIPlugin
2022-05-20 11:30:02,745 [INFO] PluginManager:203 - loadIPPluginJar : add pdm2pcm
2022-05-20 11:30:02,753 [INFO] IPUIPlugin:64 - create IPUIPlugin
2022-05-20 11:30:02,753 [INFO] PluginManager:203 - loadIPPluginJar : add plateformsettings
2022-05-20 11:30:02,770 [INFO] IPUIPlugin:64 - create IPUIPlugin
2022-05-20 11:30:02,770 [INFO] PluginManager:203 - loadIPPluginJar : add quadspi
2022-05-20 11:30:02,783 [INFO] IPUIPlugin:64 - create IPUIPlugin
2022-05-20 11:30:02,783 [INFO] PluginManager:203 - loadIPPluginJar : add resmgrutility
2022-05-20 11:30:02,789 [INFO] IPUIPlugin:64 - create IPUIPlugin
2022-05-20 11:30:02,789 [INFO] PluginManager:203 - loadIPPluginJar : add sai
2022-05-20 11:30:02,797 [INFO] IPUIPlugin:64 - create IPUIPlugin
2022-05-20 11:30:02,797 [INFO] PluginManager:203 - loadIPPluginJar : add spi
2022-05-20 11:30:02,803 [INFO] IPUIPlugin:64 - create IPUIPlugin
2022-05-20 11:30:02,803 [INFO] PluginManager:203 - loadIPPluginJar : add stm32_wpan
2022-05-20 11:30:02,814 [INFO] IPUIPlugin:64 - create IPUIPlugin
2022-05-20 11:30:02,814 [INFO] PluginManager:203 - loadIPPluginJar : add tim
2022-05-20 11:30:02,822 [INFO] IPUIPlugin:64 - create IPUIPlugin
2022-05-20 11:30:02,822 [INFO] PluginManager:203 - loadIPPluginJar : add touchsensing
2022-05-20 11:30:02,829 [INFO] IPUIPlugin:64 - create IPUIPlugin
2022-05-20 11:30:02,829 [INFO] PluginManager:203 - loadIPPluginJar : add tracer_emb
2022-05-20 11:30:02,834 [INFO] IPUIPlugin:64 - create IPUIPlugin
2022-05-20 11:30:02,834 [INFO] PluginManager:203 - loadIPPluginJar : add ts
2022-05-20 11:30:02,839 [INFO] IPUIPlugin:64 - create IPUIPlugin
2022-05-20 11:30:02,839 [INFO] PluginManager:203 - loadIPPluginJar : add tsc
2022-05-20 11:30:02,845 [INFO] IPUIPlugin:64 - create IPUIPlugin
2022-05-20 11:30:02,845 [INFO] PluginManager:203 - loadIPPluginJar : add ucpd
2022-05-20 11:30:02,852 [INFO] IPUIPlugin:64 - create IPUIPlugin
2022-05-20 11:30:02,852 [INFO] PluginManager:203 - loadIPPluginJar : add usart
2022-05-20 11:30:03,487 [FATAL] Updater:284 - Updater called before beeing initialized
2022-05-20 11:30:03,765 [FATAL] Updater:284 - Updater called before beeing initialized
2022-05-20 11:30:03,768 [INFO] DbMcusAds:132 - JSON generation date=Thu Sep 30 12:25:09 IST 2021 (1632984909249)
2022-05-20 11:30:03,768 [FATAL] Updater:284 - Updater called before beeing initialized
2022-05-20 11:30:03,870 [WARN] DetailPanel:315 - Failed to get advertising image, set to default
2022-05-20 11:30:04,158 [FATAL] Updater:284 - Updater called before beeing initialized
2022-05-20 11:30:04,162 [FATAL] Updater:284 - Updater called before beeing initialized
2022-05-20 11:30:04,162 [FATAL] Updater:284 - Updater called before beeing initialized
2022-05-20 11:30:04,162 [WARN] DetailPanel:315 - Failed to get advertising image, set to default
2022-05-20 11:30:04,162 [FATAL] Updater:284 - Updater called before beeing initialized
2022-05-20 11:30:04,256 [FATAL] Updater:284 - Updater called before beeing initialized
2022-05-20 11:30:04,256 [WARN] ThirdParty:796 - waiting for thirdparty lock release [close project]
2022-05-20 11:30:04,707 [INFO] ThirdPartyUpdaterWithRetryManager:56 - Updater plugin not ready yet. [2/15]
2022-05-20 11:30:07,716 [FATAL] Updater:284 - Updater called before beeing initialized
2022-05-20 11:30:07,716 [ERROR] AbstractThirdPartyUpdaterManager:153 - class java.lang.Integer cannot be cast to class java.util.List (java.lang.Integer and java.util.List are in module java.base of loader 'bootstrap')
2022-05-20 11:30:07,716 [INFO] ThirdParty:900 - Integrity check success = false
2022-05-20 11:30:07,717 [INFO] IntegrityCheckThread:75 - exiting critical section [integrity check]
2022-05-20 11:30:07,717 [INFO] IntegrityCheckThread:78 - End integrity checks thread
2022-05-20 11:30:07,717 [INFO] ThirdParty:798 - entering critical section [close project]
2022-05-20 11:30:07,721 [INFO] ThirdParty:809 - exiting critical section [close project]
2022-05-20 11:30:07,728 [INFO] PinOutPanel:1435 - setPackage(No Configuration,No Configuration)
2022-05-20 11:30:07,729 [FATAL] Updater:284 - Updater called before beeing initialized
2022-05-20 11:30:07,746 [ERROR] Updater:1065 - MainUpdater not yet initialized. External WinMGr cannot be set.
2022-05-20 11:30:07,752 [INFO] Updater:1002 - Updater Version found : 6.2.1
2022-05-20 11:30:07,794 [INFO] ApplicationProperties:181 - Using Application install path: C:\ST\STM32CubeIDE_1.6.1\STM32CubeIDE\plugins\com.st.stm32cube.common.mx_6.2.1.202103241236
2022-05-20 11:30:08,658 [INFO] MainUpdater:2661 - connection check result : 10
2022-05-20 11:30:08,659 [INFO] MainUpdater:255 - Updater Check For Update Now.
2022-05-20 11:30:08,659 [INFO] MicroXplorer:472 - Change Database Version : DB.6.0.21
2022-05-20 11:30:08,760 [INFO] CheckServerUpdateThread:102 - End of CheckServer Thread
2022-05-20 11:30:08,780 [INFO] MainUpdater:2661 - connection check result : 10
2022-05-20 11:30:09,256 [INFO] CrossSelectorPresenter:1330 - Cross Selector saved comparison directory: C:\Users\MEGHA\.stmcufinder\plugins\mcufinder\mcu\cs_comparisons_mx
2022-05-20 11:30:09,273 [INFO] MultiScanPanel:200 - Auto-refresh data requested => check proxy status ongoing
2022-05-20 11:30:09,284 [INFO] FinderPluginLoader:87 - Searching for filters in installed packs
2022-05-20 11:30:09,288 [INFO] DbMcusXml:100 - Load MCU database from C:\ST\STM32CubeIDE_1.6.1\STM32CubeIDE\plugins\com.st.stm32cube.common.mx_6.2.1.202103241236\\db\/mcu/families.xml
2022-05-20 11:30:10,802 [INFO] DbMcusJson:94 - JSON generation date=Tue Nov 16 21:47:54 IST 2021 (1637079474)
2022-05-20 11:30:12,053 [INFO] DbMcus:175 - Found 1906 MCUs (1866 are supported by CubeMX, 1920 are visible in CubeMX)
2022-05-20 11:30:12,054 [INFO] ApiDb:251 - Load user favorites file C:\Users\MEGHA/.stm32cubeide/favorites.mcus.txt: 0 item(s)
2022-05-20 11:30:12,054 [INFO] ApiDb:255 - User favorites MCUs=[]
2022-05-20 11:30:12,055 [INFO] DbMcus:187 - Set 0 / 0 favorites MCUs
2022-05-20 11:30:13,289 [WARN] DetailPanel:315 - Failed to get advertising image, set to default
2022-05-20 11:30:14,157 [INFO] DbBoardsPdsc:90 - Found 24 items
2022-05-20 11:30:14,160 [INFO] DbBoardsPdsc:90 - Found 9 items
2022-05-20 11:30:14,164 [INFO] DbBoardsPdsc:90 - Found 33 items
2022-05-20 11:30:14,170 [INFO] DbBoardsPdsc:90 - Found 1 items
2022-05-20 11:30:14,183 [INFO] DbBoardsPdsc:90 - Found 46 items
2022-05-20 11:30:14,193 [INFO] DbBoardsPdsc:90 - Found 41 items
2022-05-20 11:30:14,198 [INFO] DbBoardsPdsc:90 - Found 2 items
2022-05-20 11:30:14,201 [INFO] DbBoardsPdsc:90 - Found 5 items
2022-05-20 11:30:14,206 [WARN] DbBoardsPdsc:254 - Board NUCLEO-WB15CC: unknown feature type=, name=, username=Three user LEDs, n=1
2022-05-20 11:30:14,206 [WARN] DbBoardsPdsc:254 - Board NUCLEO-WB15CC: unknown feature type=, name=, username=One reset and three user push-buttons, n=1
2022-05-20 11:30:14,206 [WARN] DbBoardsPdsc:254 - Board NUCLEO-WB15CC: unknown feature type=, name=, username=Arduino Uno V3 expansion connector, n=1
2022-05-20 11:30:14,206 [WARN] DbBoardsPdsc:254 - Board NUCLEO-WB15CC: unknown feature type=, name=, username=ST morpho extension pin headers for full access to all STM32WB I/Os, n=1
2022-05-20 11:30:14,206 [WARN] DbBoardsPdsc:254 - Board NUCLEO-WB15CC: unknown feature type=, name=, username=Integrated PCB antenna and SMA connector footprint, n=1
2022-05-20 11:30:14,206 [WARN] DbBoardsPdsc:254 - Board NUCLEO-WB15CC: unknown feature type=, name=, username=Flexible power-supply options: ST-LINK, USB VBUS, or external sources, n=1
2022-05-20 11:30:14,208 [WARN] DbBoardsPdsc:254 - Board NUCLEO-WB15CC: unknown feature type=, name=, username=On-board footprint to mount a CR2032 battery socket, n=1
2022-05-20 11:30:14,208 [WARN] DbBoardsPdsc:254 - Board NUCLEO-WB15CC: unknown feature type=, name=, username=On-board ST-LINK/V2-1 debugger/programmer with USB re-enumeration capability: mass storage, Virtual COM port, and debug port, n=1
2022-05-20 11:30:14,208 [WARN] DbBoardsPdsc:254 - Board NUCLEO-WB15CC: unknown feature type=, name=, username=Comprehensive free software libraries and examples available with the STM32CubeWB MCU Package, n=1
2022-05-20 11:30:14,208 [WARN] DbBoardsPdsc:254 - Board NUCLEO-WB15CC: unknown feature type=, name=, username=Support of a wide choice of Integrated Development Environments (IDEs) including IAR Embedded Workbench, MDK-ARM, STM32CubeIDE, and Mbed Studio, n=1
2022-05-20 11:30:14,210 [WARN] DbBoardsPdsc:254 - Board STM32H7B3I-DK: unknown feature type=Audio, name=, username=Audio stereo codec with Headphone Amp (CS42L51-CNZ), n=1
2022-05-20 11:30:14,212 [WARN] DbBoardsPdsc:254 - Board STM32H735G-DK: unknown feature type=Audio, name=, username=Audio stereo codec with Headphone Amp (WM8994ECS/R), n=1
2022-05-20 11:30:14,213 [WARN] DbBoardsPdsc:254 - Board STM32WB5MM-DK: unknown feature type=, name=, username=Time-of-Flight and gesture-detection sensor, n=1
2022-05-20 11:30:14,213 [WARN] DbBoardsPdsc:254 - Board STM32WB5MM-DK: unknown feature type=, name=, username=3 push-buttons (2 users and 1 reset) and 1 touch key button, n=1
2022-05-20 11:30:14,213 [WARN] DbBoardsPdsc:254 - Board STM32WB5MM-DK: unknown feature type=, name=, username=Flexible power-supply options: ST-LINK/V2-1 USB connector, 5 V delivered by ARDUINO® or external connector, USB charger, or USB power, n=1
2022-05-20 11:30:14,213 [WARN] DbBoardsPdsc:254 - Board STM32WB5MM-DK: unknown feature type=, name=, username=On-board ST-LINK/V2-1 debugger/programmer with USB re-enumeration capability: Virtual COM port and debug port, n=1
2022-05-20 11:30:14,213 [WARN] DbBoardsPdsc:254 - Board STM32WB5MM-DK: unknown feature type=, name=, username=Comprehensive free software libraries and examples available with the STM32CubeWB MCU Package, n=1
2022-05-20 11:30:14,213 [WARN] DbBoardsPdsc:254 - Board STM32WB5MM-DK: unknown feature type=, name=, username=Support of a wide choice of Integrated Development Environments (IDEs) including IAR Embedded Workbench®, MDK-ARM, and STM32CubeIDE, n=1
2022-05-20 11:30:14,216 [WARN] DbBoardsPdsc:254 - Board STM32H7B3I-EVAL: unknown feature type=Audio, name=, username=Multi-Channel Audio Codec (CS42L51-CNZ), n=1
2022-05-20 11:30:14,216 [WARN] DbBoardsPdsc:254 - Board STM32H7B3I-EVAL: unknown feature type=Meter, name=, username=Power-metering and Temperature-monitoring with sigma-delta modulators, n=1
2022-05-20 11:30:14,216 [WARN] DbBoardsPdsc:254 - Board STM32H7B3I-EVAL: unknown feature type=Motor, name=, username=Motor Control, n=1
2022-05-20 11:30:14,254 [INFO] DbBoardsJson:87 - JSON generation date=Tue Nov 16 21:47:54 IST 2021 (1637079474)
2022-05-20 11:30:14,264 [INFO] DbBoards:117 - Found 167 boards (158 are supported by CubeMX)
2022-05-20 11:30:14,268 [INFO] DbBoardsDocs:143 - JSON generation date=Tue Nov 16 21:47:54 IST 2021 (1637079474)
2022-05-20 11:30:14,277 [INFO] DbBoardsDocs:79 - Found 209 boards documents
2022-05-20 11:30:14,278 [WARN] DbBoards:127 - board B-L475E-IOT01A2 has no document id list !
2022-05-20 11:30:14,281 [WARN] DbBoards:127 - board NUCLEO-H743ZI has no document id list !
2022-05-20 11:30:14,281 [WARN] DbBoards:127 - board NUCLEO-WL55JC2 has no document id list !
2022-05-20 11:30:14,281 [WARN] DbBoards:127 - board P-NUCLEO-WB55-Nucleo has no document id list !
2022-05-20 11:30:14,281 [WARN] DbBoards:127 - board P-NUCLEO-WB55-USBDongle has no document id list !
2022-05-20 11:30:14,281 [WARN] DbBoards:127 - board STEVAL-BFA001V1B has no document id list !
2022-05-20 11:30:14,281 [WARN] DbBoards:127 - board STEVAL-BFA001V2B has no document id list !
2022-05-20 11:30:14,281 [WARN] DbBoards:127 - board STEVAL-IDP005V1 has no document id list !
2022-05-20 11:30:14,281 [WARN] DbBoards:127 - board STEVAL-IDP005V2 has no document id list !
2022-05-20 11:30:14,281 [WARN] DbBoards:127 - board STEVAL-MKSBOX1V1 has no document id list !
2022-05-20 11:30:14,281 [WARN] DbBoards:127 - board STEVAL-STWINKT1 has no document id list !
2022-05-20 11:30:14,281 [WARN] DbBoards:127 - board STEVAL-STWINKT1B has no document id list !
2022-05-20 11:30:14,285 [WARN] DbBoards:127 - board STM32439I-EVAL2 has no document id list !
2022-05-20 11:30:14,286 [WARN] DbBoards:127 - board STM32F401C-DISCO has no document id list !
2022-05-20 11:30:14,286 [WARN] DbBoards:127 - board STM32F769I-DISC1 has no document id list !
2022-05-20 11:30:14,286 [WARN] DbBoards:127 - board STM32G474E-EVAL1 has no document id list !
2022-05-20 11:30:14,286 [WARN] DbBoards:127 - board STM32H743I-EVAL2 has no document id list !
2022-05-20 11:30:14,286 [WARN] DbBoards:127 - board STM32H747I-DISC1 has no document id list !
2022-05-20 11:30:14,286 [WARN] DbBoards:127 - board STM32H753I-EVAL2 has no document id list !
2022-05-20 11:30:14,286 [WARN] DbBoards:127 - board STM32L-DISCOVERY has no document id list !
2022-05-20 11:30:14,693 [ERROR] DbBoards:189 - Image file not found for board B-U585I-IOT02A: C:\ST\STM32CubeIDE_1.6.1\STM32CubeIDE\plugins\com.st.stm32cube.common.mx_6.2.1.202103241236\\db\/plugins/mcufinder/images/boards/B-U585I-IOT02A_small.jpg
2022-05-20 11:30:15,069 [ERROR] DbBoards:189 - Image file not found for board NUCLEO-F413ZH: C:\ST\STM32CubeIDE_1.6.1\STM32CubeIDE\plugins\com.st.stm32cube.common.mx_6.2.1.202103241236\\db\/plugins/mcufinder/images/boards/nucleo-f413zh_small.jpg
2022-05-20 11:30:15,559 [ERROR] DbBoards:189 - Image file not found for board NUCLEO-L552ZE-Q: C:\ST\STM32CubeIDE_1.6.1\STM32CubeIDE\plugins\com.st.stm32cube.common.mx_6.2.1.202103241236\\db\/plugins/mcufinder/images/boards/nucleo_l552ze_q_small.jpg
2022-05-20 11:30:15,559 [ERROR] DbBoards:189 - Image file not found for board NUCLEO-U575ZI-Q: C:\ST\STM32CubeIDE_1.6.1\STM32CubeIDE\plugins\com.st.stm32cube.common.mx_6.2.1.202103241236\\db\/plugins/mcufinder/images/boards/nucleo-u575zi-q_small.jpg
2022-05-20 11:30:15,560 [ERROR] DbBoards:189 - Image file not found for board NUCLEO-WB15CC: C:\ST\STM32CubeIDE_1.6.1\STM32CubeIDE\plugins\com.st.stm32cube.common.mx_6.2.1.202103241236\\db\/plugins/mcufinder/images/boards/nucleo-wb15cc_small.jpg
2022-05-20 11:30:15,560 [ERROR] DbBoards:189 - Image file not found for board NUCLEO-WB55RG: C:\ST\STM32CubeIDE_1.6.1\STM32CubeIDE\plugins\com.st.stm32cube.common.mx_6.2.1.202103241236\\db\/plugins/mcufinder/images/boards/nucleo-wb55rg_small.jpg
2022-05-20 11:30:17,787 [ERROR] DbBoards:189 - Image file not found for board STM32U575I-EV: C:\ST\STM32CubeIDE_1.6.1\STM32CubeIDE\plugins\com.st.stm32cube.common.mx_6.2.1.202103241236\\db\/plugins/mcufinder/images/boards/stm32u575i-ev_small.jpg
2022-05-20 11:30:17,962 [INFO] ApiDb:251 - Load user favorites file C:\Users\MEGHA/.stm32cubeide/favorites.boards.txt: 0 item(s)
2022-05-20 11:30:17,962 [INFO] ApiDb:255 - User favorites Boards=[]
2022-05-20 11:30:17,962 [INFO] DbBoards:206 - Set 0 / 0 favorites Boards
2022-05-20 11:30:26,974 [INFO] MultiScanPanel:200 - Auto-refresh data requested => check proxy status ongoing
2022-05-20 11:30:27,038 [WARN] DetailPanel:315 - Failed to get advertising image, set to default
2022-05-20 11:31:12,604 [INFO] ApiDb:276 - Save user favorites file C:\Users\MEGHA/.stm32cubeide/favorites.mcus.txt: 0 item(s)
2022-05-20 11:31:12,605 [INFO] ApiDb:280 - User favorites MCUs=[]
2022-05-20 11:31:12,610 [INFO] ApiDb:276 - Save user favorites file C:\Users\MEGHA/.stm32cubeide/favorites.boards.txt: 0 item(s)
2022-05-20 11:31:12,610 [INFO] ApiDb:280 - User favorites Boards=[]
2022-05-20 11:35:00,223 [INFO] MainUpdater:2661 - connection check result : 10
2022-05-20 11:35:00,489 [INFO] CrossSelectorPresenter:1330 - Cross Selector saved comparison directory: C:\Users\MEGHA\.stmcufinder\plugins\mcufinder\mcu\cs_comparisons_mx
2022-05-20 11:35:00,492 [INFO] MultiScanPanel:200 - Auto-refresh data requested => check proxy status ongoing
2022-05-20 11:35:00,492 [INFO] FinderPluginLoader:87 - Searching for filters in installed packs
2022-05-20 11:35:01,255 [WARN] DetailPanel:315 - Failed to get advertising image, set to default
2022-05-20 11:35:04,807 [INFO] MultiScanPanel:200 - Auto-refresh data requested => check proxy status ongoing
2022-05-20 11:35:04,869 [WARN] DetailPanel:315 - Failed to get advertising image, set to default
2022-05-20 11:35:40,614 [INFO] ApiDb:276 - Save user favorites file C:\Users\MEGHA/.stm32cubeide/favorites.mcus.txt: 0 item(s)
2022-05-20 11:35:40,615 [INFO] ApiDb:280 - User favorites MCUs=[]
2022-05-20 11:35:40,620 [INFO] ApiDb:276 - Save user favorites file C:\Users\MEGHA/.stm32cubeide/favorites.boards.txt: 0 item(s)
2022-05-20 11:35:40,621 [INFO] ApiDb:280 - User favorites Boards=[]
2022-05-20 12:03:18,162 [INFO] Activator:170 - 


2022-05-20 12:03:18,179 [INFO] Activator:171 - !SESSION log4j initialized
